<?xml version="1.0" encoding="UTF-8"?>
<!-- Generated by org.testng.reporters.JUnitXMLReporter -->
<testsuite ignored="0" hostname="Upendra" failures="1" tests="7" name="Login Tests" time="47.967" errors="0" timestamp="2026-06-14T17:43:19 IST">
  <testcase classname="io.cucumber.testng.AbstractTestNGCucumberTests" name="runScenario" time="9.588">
    <failure type="java.lang.NullPointerException" message="Cannot invoke &amp;quot;String.contains(java.lang.CharSequence)&amp;quot; because &amp;quot;locString&amp;quot; is null">
      <![CDATA[java.lang.NullPointerException: Cannot invoke "String.contains(java.lang.CharSequence)" because "locString" is null
at com.Automation.baseline.utils.PlaywrightUtils.getElement(PlaywrightUtils.java:46)
at com.Automation.baseline.pageobjects.LoginPage.enterLoginDetails(LoginPage.java:20)
at com.Automation.baseline.steps.StepFile.user_login_with_username_and_password(StepFile.java:17)
at ✽.User login with "upendra" and "upendra23"(file:///C:/Users/Upendra%20Reddy/Desktop/AutomationFramworks/Playwright_Java_Framework/src/test/resources/Feature/07_Login.feature:5)
]]>
    </failure>
  </testcase> <!-- runScenario -->
  <testcase classname="io.cucumber.testng.AbstractTestNGCucumberTests" name="runScenario" time="10.831"/>
  <testcase classname="io.cucumber.testng.AbstractTestNGCucumberTests" name="runScenario" time="6.941"/>
  <testcase classname="io.cucumber.testng.AbstractTestNGCucumberTests" name="runScenario" time="6.519"/>
  <testcase classname="io.cucumber.testng.AbstractTestNGCucumberTests" name="runScenario" time="22.527"/>
  <testcase classname="io.cucumber.testng.AbstractTestNGCucumberTests" name="runScenario" time="22.506"/>
  <testcase classname="io.cucumber.testng.AbstractTestNGCucumberTests" name="runScenario" time="5.937"/>
</testsuite> <!-- Login Tests -->
