<?xml version="1.0" encoding="UTF-8"?>
<testsuite xmlns:xsi="http://www.w3.org/2001/XMLSchema-instance" xsi:noNamespaceSchemaLocation="https://maven.apache.org/surefire/maven-surefire-plugin/xsd/surefire-test-report-3.0.xsd" version="3.0" name="TestSuite" time="48.544" tests="7" errors="0" skipped="0" failures="1">
  <properties>
[...]
</properties>
  <testcase name="runScenario[&quot;Login with valid credentials&quot;, &quot;Optional[Login Functionality]&quot;](1)" classname="com.Automation.baseline.testrunner.TestRunner" time="9.595">
    <failure message="Cannot invoke &quot;String.contains(java.lang.CharSequence)&quot; because &quot;locString&quot; is null" type="java.lang.NullPointerException"><![CDATA[java.lang.NullPointerException: Cannot invoke "String.contains(java.lang.CharSequence)" because "locString" is null
	at com.Automation.baseline.utils.PlaywrightUtils.getElement(PlaywrightUtils.java:46)
	at com.Automation.baseline.pageobjects.LoginPage.enterLoginDetails(LoginPage.java:20)
	at com.Automation.baseline.steps.StepFile.user_login_with_username_and_password(StepFile.java:17)
	at ✽.User login with "upendra" and "upendra23"(file:///C:/Users/Upendra%20Reddy/Desktop/AutomationFramworks/Playwright_Java_Framework/src/test/resources/Feature/07_Login.feature:5)
]]></failure>
    <system-out><![CDATA[
@Login
Scenario Outline: Search with valid keywords # src/test/resources/Feature/07_Login.feature:29

@Smoke @Login
Scenario: Login with valid credentials              # src/test/resources/Feature/07_Login.feature:4
  When User login with "upendra" and "upendra23"    # com.Automation.baseline.steps.StepFile.user_login_with_username_and_password(java.lang.String,java.lang.String)
      java.lang.NullPointerException: Cannot invoke "String.contains(java.lang.CharSequence)" because "locString" is null
	at com.Automation.baseline.utils.PlaywrightUtils.getElement(PlaywrightUtils.java:46)
	at com.Automation.baseline.pageobjects.LoginPage.enterLoginDetails(LoginPage.java:20)
	at com.Automation.baseline.steps.StepFile.user_login_with_username_and_password(StepFile.java:17)
	at ✽.User login with "upendra" and "upendra23"(file:///C:/Users/Upendra%20Reddy/Desktop/AutomationFramworks/Playwright_Java_Framework/src/test/resources/Feature/07_Login.feature:5)

  Then User should be navigated to "Dashboard" page # com.Automation.baseline.steps.StepFile.user_navigated_to_dashboard(java.lang.String)

    Test Case Failed


    Embedding Login_with_valid_credentials [image/png 1460876 bytes]

]]></system-out>
    <system-err><![CDATA[SLF4J: Failed to load class "org.slf4j.impl.StaticLoggerBinder".
SLF4J: Defaulting to no-operation (NOP) logger implementation
SLF4J: See http://www.slf4j.org/codes.html#StaticLoggerBinder for further details.
]]></system-err>
  </testcase>
  <testcase name="runScenario[&quot;Search with valid keywords&quot;, &quot;Optional[Login Functionality]&quot;](2)" classname="com.Automation.baseline.testrunner.TestRunner" time="1.236">
    <system-out><![CDATA[
@Login
Scenario Outline: Search with valid keywords # src/test/resources/Feature/07_Login.feature:30
  When User Search with "Mobiles"            # com.Automation.baseline.steps.StepFile.user_searchwithvalidkeywords(java.lang.String)
]]></system-out>
  </testcase>
  <testcase name="runScenario[&quot;Search with valid keywords&quot;, &quot;Optional[Login Functionality]&quot;](3)" classname="com.Automation.baseline.testrunner.TestRunner" time="5.707">
    <system-out><![CDATA[
@Login
Scenario Outline: Search with valid keywords # src/test/resources/Feature/07_Login.feature:31
  When User Search with "Powerbanks"         # com.Automation.baseline.steps.StepFile.user_searchwithvalidkeywords(java.lang.String)
]]></system-out>
  </testcase>
  <testcase name="runScenario[&quot;Search with valid keywords&quot;, &quot;Optional[Login Functionality]&quot;](4)" classname="com.Automation.baseline.testrunner.TestRunner" time="0.814">
    <system-out><![CDATA[
@Login
Scenario Outline: Search with valid keywords # src/test/resources/Feature/07_Login.feature:32
  When User Search with "Tvs"                # com.Automation.baseline.steps.StepFile.user_searchwithvalidkeywords(java.lang.String)
]]></system-out>
  </testcase>
  <testcase name="runScenario[&quot;Search with valid keywords&quot;, &quot;Optional[Login Functionality]&quot;](5)" classname="com.Automation.baseline.testrunner.TestRunner" time="21.713">
    <system-out><![CDATA[
@Login
Scenario Outline: Search with valid keywords # src/test/resources/Feature/07_Login.feature:33
  When User Search with "Ac"                 # com.Automation.baseline.steps.StepFile.user_searchwithvalidkeywords(java.lang.String)
]]></system-out>
  </testcase>
  <testcase name="runScenario[&quot;Search with valid keywords&quot;, &quot;Optional[Login Functionality]&quot;](6)" classname="com.Automation.baseline.testrunner.TestRunner" time="0.791">
    <system-out><![CDATA[
@Login
Scenario Outline: Search with valid keywords # src/test/resources/Feature/07_Login.feature:34
  When User Search with "Cooler"             # com.Automation.baseline.steps.StepFile.user_searchwithvalidkeywords(java.lang.String)
]]></system-out>
  </testcase>
  <testcase name="runScenario[&quot;Search with valid keywords&quot;, &quot;Optional[Login Functionality]&quot;](7)" classname="com.Automation.baseline.testrunner.TestRunner" time="5.937">
    <system-out><![CDATA[  When User Search with "Table fan"          # com.Automation.baseline.steps.StepFile.user_searchwithvalidkeywords(java.lang.String)
]]></system-out>
  </testcase>
</testsuite>