<?xml version="1.0" encoding="UTF-8"?>
<testng-results ignored="0" total="7" passed="6" failed="1" skipped="0">
  <reporter-output>
  </reporter-output>
  <suite started-at="2026-06-14T17:42:31 IST" name="Suite" finished-at="2026-06-14T17:43:19 IST" duration-ms="47967">
    <groups>
      <group name="cucumber">
        <method signature="AbstractTestNGCucumberTests.runScenario(io.cucumber.testng.PickleWrapper,io.cucumber.testng.FeatureWrapper)[pri:0, instance:com.Automation.baseline.testrunner.TestRunner@72d1ad2e]" name="runScenario" class="io.cucumber.testng.AbstractTestNGCucumberTests"/>
      </group> <!-- cucumber -->
    </groups>
    <test started-at="2026-06-14T17:42:31 IST" name="Login Tests" finished-at="2026-06-14T17:43:19 IST" duration-ms="47967">
      <class name="com.Automation.baseline.testrunner.TestRunner">
        <test-method is-config="true" signature="setUpClass()[pri:0, instance:com.Automation.baseline.testrunner.TestRunner@72d1ad2e]" started-at="2026-06-14T17:42:31 IST" name="setUpClass" finished-at="2026-06-14T17:42:32 IST" duration-ms="644" status="PASS">
          <reporter-output>
          </reporter-output>
        </test-method> <!-- setUpClass -->
        <test-method signature="runScenario(io.cucumber.testng.PickleWrapper,io.cucumber.testng.FeatureWrapper)[pri:0, instance:com.Automation.baseline.testrunner.TestRunner@72d1ad2e]" started-at="2026-06-14T17:42:32 IST" name="runScenario" description="Runs Cucumber Scenarios" data-provider="scenarios" finished-at="2026-06-14T17:42:43 IST" duration-ms="10831" status="PASS">
          <params>
            <param index="0">
              <value>
                <![CDATA["Search with valid keywords"]]>
              </value>
            </param>
            <param index="1">
              <value>
                <![CDATA["Optional[Login Functionality]"]]>
              </value>
            </param>
          </params>
          <reporter-output>
          </reporter-output>
        </test-method> <!-- runScenario -->
        <test-method signature="runScenario(io.cucumber.testng.PickleWrapper,io.cucumber.testng.FeatureWrapper)[pri:0, instance:com.Automation.baseline.testrunner.TestRunner@72d1ad2e]" started-at="2026-06-14T17:42:32 IST" name="runScenario" description="Runs Cucumber Scenarios" data-provider="scenarios" finished-at="2026-06-14T17:42:41 IST" duration-ms="9588" status="FAIL">
          <params>
            <param index="0">
              <value>
                <![CDATA["Login with valid credentials"]]>
              </value>
            </param>
            <param index="1">
              <value>
                <![CDATA["Optional[Login Functionality]"]]>
              </value>
            </param>
          </params>
          <exception class="java.lang.NullPointerException">
            <message>
              <![CDATA[Cannot invoke "String.contains(java.lang.CharSequence)" because "locString" is null]]>
            </message>
            <full-stacktrace>
              <![CDATA[java.lang.NullPointerException: Cannot invoke "String.contains(java.lang.CharSequence)" because "locString" is null
at com.Automation.baseline.utils.PlaywrightUtils.getElement(PlaywrightUtils.java:46)
at com.Automation.baseline.pageobjects.LoginPage.enterLoginDetails(LoginPage.java:20)
at com.Automation.baseline.steps.StepFile.user_login_with_username_and_password(StepFile.java:17)
at ✽.User login with "upendra" and "upendra23"(file:///C:/Users/Upendra%20Reddy/Desktop/AutomationFramworks/Playwright_Java_Framework/src/test/resources/Feature/07_Login.feature:5)
]]>
            </full-stacktrace>
          </exception> <!-- java.lang.NullPointerException -->
          <reporter-output>
          </reporter-output>
        </test-method> <!-- runScenario -->
        <test-method signature="runScenario(io.cucumber.testng.PickleWrapper,io.cucumber.testng.FeatureWrapper)[pri:0, instance:com.Automation.baseline.testrunner.TestRunner@72d1ad2e]" started-at="2026-06-14T17:42:41 IST" name="runScenario" description="Runs Cucumber Scenarios" data-provider="scenarios" finished-at="2026-06-14T17:42:48 IST" duration-ms="6941" status="PASS">
          <params>
            <param index="0">
              <value>
                <![CDATA["Search with valid keywords"]]>
              </value>
            </param>
            <param index="1">
              <value>
                <![CDATA["Optional[Login Functionality]"]]>
              </value>
            </param>
          </params>
          <reporter-output>
          </reporter-output>
        </test-method> <!-- runScenario -->
        <test-method signature="runScenario(io.cucumber.testng.PickleWrapper,io.cucumber.testng.FeatureWrapper)[pri:0, instance:com.Automation.baseline.testrunner.TestRunner@72d1ad2e]" started-at="2026-06-14T17:42:43 IST" name="runScenario" description="Runs Cucumber Scenarios" data-provider="scenarios" finished-at="2026-06-14T17:42:49 IST" duration-ms="6519" status="PASS">
          <params>
            <param index="0">
              <value>
                <![CDATA["Search with valid keywords"]]>
              </value>
            </param>
            <param index="1">
              <value>
                <![CDATA["Optional[Login Functionality]"]]>
              </value>
            </param>
          </params>
          <reporter-output>
          </reporter-output>
        </test-method> <!-- runScenario -->
        <test-method signature="runScenario(io.cucumber.testng.PickleWrapper,io.cucumber.testng.FeatureWrapper)[pri:0, instance:com.Automation.baseline.testrunner.TestRunner@72d1ad2e]" started-at="2026-06-14T17:42:48 IST" name="runScenario" description="Runs Cucumber Scenarios" data-provider="scenarios" finished-at="2026-06-14T17:43:11 IST" duration-ms="22527" status="PASS">
          <params>
            <param index="0">
              <value>
                <![CDATA["Search with valid keywords"]]>
              </value>
            </param>
            <param index="1">
              <value>
                <![CDATA["Optional[Login Functionality]"]]>
              </value>
            </param>
          </params>
          <reporter-output>
          </reporter-output>
        </test-method> <!-- runScenario -->
        <test-method signature="runScenario(io.cucumber.testng.PickleWrapper,io.cucumber.testng.FeatureWrapper)[pri:0, instance:com.Automation.baseline.testrunner.TestRunner@72d1ad2e]" started-at="2026-06-14T17:42:49 IST" name="runScenario" description="Runs Cucumber Scenarios" data-provider="scenarios" finished-at="2026-06-14T17:43:12 IST" duration-ms="22506" status="PASS">
          <params>
            <param index="0">
              <value>
                <![CDATA["Search with valid keywords"]]>
              </value>
            </param>
            <param index="1">
              <value>
                <![CDATA["Optional[Login Functionality]"]]>
              </value>
            </param>
          </params>
          <reporter-output>
          </reporter-output>
        </test-method> <!-- runScenario -->
        <test-method signature="runScenario(io.cucumber.testng.PickleWrapper,io.cucumber.testng.FeatureWrapper)[pri:0, instance:com.Automation.baseline.testrunner.TestRunner@72d1ad2e]" started-at="2026-06-14T17:43:11 IST" name="runScenario" description="Runs Cucumber Scenarios" data-provider="scenarios" finished-at="2026-06-14T17:43:17 IST" duration-ms="5937" status="PASS">
          <params>
            <param index="0">
              <value>
                <![CDATA["Search with valid keywords"]]>
              </value>
            </param>
            <param index="1">
              <value>
                <![CDATA["Optional[Login Functionality]"]]>
              </value>
            </param>
          </params>
          <reporter-output>
          </reporter-output>
        </test-method> <!-- runScenario -->
        <test-method is-config="true" signature="tearDownClass()[pri:0, instance:com.Automation.baseline.testrunner.TestRunner@72d1ad2e]" started-at="2026-06-14T17:43:17 IST" name="tearDownClass" finished-at="2026-06-14T17:43:19 IST" duration-ms="2273" status="PASS">
          <reporter-output>
          </reporter-output>
        </test-method> <!-- tearDownClass -->
      </class> <!-- com.Automation.baseline.testrunner.TestRunner -->
    </test> <!-- Login Tests -->
  </suite> <!-- Suite -->
</testng-results>
