<?xml version="1.0" encoding="UTF-8"?>
<!-- Generated by org.testng.reporters.JUnitReportReporter -->
<testsuite hostname="Upendra" failures="0" tests="7" name="com.Automation.baseline.testrunner.TestRunner" time="84.849" errors="1" timestamp="2026-06-14T17:43:19 IST" skipped="0">
  <testcase classname="com.Automation.baseline.testrunner.TestRunner" name="runScenario" time="5.937"/>
  <testcase classname="com.Automation.baseline.testrunner.TestRunner" name="runScenario" time="6.941"/>
  <testcase classname="com.Automation.baseline.testrunner.TestRunner" name="runScenario" time="6.519"/>
  <testcase classname="com.Automation.baseline.testrunner.TestRunner" name="runScenario" time="9.588">
    <error message="Cannot invoke &quot;String.contains(java.lang.CharSequence)&quot; because &quot;locString&quot; is null" type="java.lang.NullPointerException">
      <![CDATA[java.lang.NullPointerException: Cannot invoke "String.contains(java.lang.CharSequence)" because "locString" is null
at com.Automation.baseline.utils.PlaywrightUtils.getElement(PlaywrightUtils.java:46)
at com.Automation.baseline.pageobjects.LoginPage.enterLoginDetails(LoginPage.java:20)
at com.Automation.baseline.steps.StepFile.user_login_with_username_and_password(StepFile.java:17)
at ✽.User login with "upendra" and "upendra23"(file:///C:/Users/Upendra%20Reddy/Desktop/AutomationFramworks/Playwright_Java_Framework/src/test/resources/Feature/07_Login.feature:5)
]]>
    </error>
  </testcase> <!-- runScenario -->
  <testcase classname="com.Automation.baseline.testrunner.TestRunner" name="runScenario" time="10.831"/>
  <testcase classname="com.Automation.baseline.testrunner.TestRunner" name="runScenario" time="22.506"/>
  <testcase classname="com.Automation.baseline.testrunner.TestRunner" name="runScenario" time="22.527"/>
</testsuite> <!-- com.Automation.baseline.testrunner.TestRunner -->
